<?xml version="1.0" encoding="UTF-8"?>
<testng-results skipped="0" failed="0" ignored="0" total="1" passed="1">
  <reporter-output>
  </reporter-output>
  <suite name="test" duration-ms="513" started-at="2020-09-24T01:03:16 CST" finished-at="2020-09-24T01:03:17 CST">
    <groups>
    </groups>
    <test name="pay" duration-ms="513" started-at="2020-09-24T01:03:16 CST" finished-at="2020-09-24T01:03:17 CST">
      <class name="source.HttpClient.MyHttpClient">
        <test-method status="PASS" signature="doT()[pri:0, instance:source.HttpClient.MyHttpClient@161b062a]" name="doT" duration-ms="477" started-at="2020-09-24T01:03:16 CST" finished-at="2020-09-24T01:03:17 CST">
          <reporter-output>
          </reporter-output>
        </test-method> <!-- doT -->
      </class> <!-- source.HttpClient.MyHttpClient -->
    </test> <!-- pay -->
  </suite> <!-- test -->
</testng-results>
